<?xml version="1.0" encoding="UTF-8"?>
<!-- Generated by org.testng.reporters.JUnitXMLReporter -->
<testsuite ignored="0" hostname="DESKTOP-QIM6HQC" failures="0" tests="3" name="Default test" time="0.167" errors="0" timestamp="2023-09-04T19:03:49 IST">
  <testcase classname="TestNG.Achivers_Test" name="cretecustomer" time="0.014"/>
  <testcase classname="TestNG.Achivers_Test" name="deletecretecustomer" time="0.003"/>
  <testcase classname="TestNG.Achivers_Test" name="modifycustomer" time="0.003"/>
</testsuite> <!-- Default test -->
